mode: set
github.com/xchapter7x/cloudcontroller-client/login.go:27.66,34.2 1 1
github.com/xchapter7x/cloudcontroller-client/login.go:58.43,64.45 2 1
github.com/xchapter7x/cloudcontroller-client/login.go:70.2,70.15 1 1
github.com/xchapter7x/cloudcontroller-client/login.go:64.45,66.48 1 1
github.com/xchapter7x/cloudcontroller-client/login.go:66.48,68.4 1 1
github.com/xchapter7x/cloudcontroller-client/login.go:74.110,77.2 2 1
github.com/xchapter7x/cloudcontroller-client/login.go:80.114,84.2 3 0
github.com/xchapter7x/cloudcontroller-client/login.go:86.135,89.21 2 1
github.com/xchapter7x/cloudcontroller-client/login.go:95.2,99.8 5 1
github.com/xchapter7x/cloudcontroller-client/login.go:89.21,91.30 1 1
github.com/xchapter7x/cloudcontroller-client/login.go:91.30,93.4 1 1
github.com/xchapter7x/cloudcontroller-client/login.go:102.57,106.2 3 1
github.com/xchapter7x/cloudcontroller-client/login.go:108.57,119.45 5 1
github.com/xchapter7x/cloudcontroller-client/login.go:123.2,123.8 1 1
github.com/xchapter7x/cloudcontroller-client/login.go:119.45,122.3 2 1
